This is pdfTeX, Version 3.141592653-2.6-1.40.24 (TeX Live 2022) (preloaded format=pdftex 2022.4.20)  16 MAY 2022 14:47
entering extended mode
 restricted \write18 enabled.
 file:line:error style messages enabled.
 %&-line parsing enabled.
**_region_.tex
(./_region_.tex  !name(base.tex)  !name(base.tex) !offset(-2) 
./_region_.tex:3: Undefined control sequence.
l.3 \documentclass
                  {article}
The control sequence at the end of the top line
of your error message was never \def'ed. If you have
misspelled it (e.g., `\hobx'), type `I' and the correct
spelling (e.g., `I\hbox'). Otherwise just continue,
and I'll forget about whatever was undefined.

./_region_.tex:5: Undefined control sequence.
l.5 \begin
          {document}
The control sequence at the end of the top line
of your error message was never \def'ed. If you have
misspelled it (e.g., `\hobx'), type `I' and the correct
spelling (e.g., `I\hbox'). Otherwise just continue,
and I'll forget about whatever was undefined.

./_region_.tex:7: Undefined control sequence.
l.7 \begin
          {displaymath}
The control sequence at the end of the top line
of your error message was never \def'ed. If you have
misspelled it (e.g., `\hobx'), type `I' and the correct
spelling (e.g., `I\hbox'). Otherwise just continue,
and I'll forget about whatever was undefined.

./_region_.tex:8: Missing $ inserted.
<inserted text> 
                $
<to be read again> 
                   \mathaccent 
\vec ->\mathaccent 
                   "017E 
l.8 \vec
         a\quad\overrightarrow{AB}
I've inserted a begin-math/end-math symbol since I think
you left one out. Proceed, with fingers crossed.

./_region_.tex:9: Missing $ inserted.
<inserted text> 
                $
<to be read again> 
                   \end 
l.9 \end
        {displaymath}
I've inserted a begin-math/end-math symbol since I think
you left one out. Proceed, with fingers crossed.

[1{/usr/local/texlive/2022basic/texmf-var/fonts/map/pdftex/updmap/pdftex.map}] 
)</usr/local/texlive/2022basic/texmf-dist/fonts/type1/public/amsfonts/cm/cmmi10
.pfb></usr/local/texlive/2022basic/texmf-dist/fonts/type1/public/amsfonts/cm/cm
r10.pfb></usr/local/texlive/2022basic/texmf-dist/fonts/type1/public/amsfonts/cm
/cmsy10.pfb>
Output written on _region_.pdf (1 page, 29180 bytes).
PDF statistics:
 20 PDF objects out of 1000 (max. 8388607)
 13 compressed objects within 1 object stream
 0 named destinations out of 1000 (max. 500000)
 1 words of extra memory for PDF output out of 10000 (max. 10000000)

